[13:11:08] [Server thread/INFO]: Starting minecraft server version 1.12.2
[13:11:08] [Server thread/INFO]: Loading properties
[13:11:08] [Server thread/INFO]: Default game type: ADVENTURE
[13:11:08] [Server thread/INFO]: This server is running CraftBukkit version git-Spigot-3d850ec-19ed80c (MC: 1.12.2) (Implementing API version 1.12.2-R0.1-SNAPSHOT)
[13:11:08] [Server thread/INFO]: Debug logging is disabled
[13:11:08] [Server thread/INFO]: Using 4 threads for Netty based IO
[13:11:08] [Server thread/INFO]: Server Ping Player Sample Count: 12
[13:11:08] [Server thread/INFO]: Generating keypair
[13:11:09] [Server thread/INFO]: Starting Minecraft server on *:25565
[13:11:09] [Server thread/INFO]: Using default channel type
[13:11:09] [Server thread/ERROR]: Could not load 'plugins\battleroyale-mod.jar' in folder 'plugins'
org.bukkit.plugin.InvalidDescriptionException: Invalid plugin.yml
	at org.bukkit.plugin.java.JavaPluginLoader.getPluginDescription(JavaPluginLoader.java:162) ~[spigot.jar:git-Spigot-3d850ec-19ed80c]
	at org.bukkit.plugin.SimplePluginManager.loadPlugins(SimplePluginManager.java:133) [spigot.jar:git-Spigot-3d850ec-19ed80c]
	at org.bukkit.craftbukkit.v1_12_R1.CraftServer.loadPlugins(CraftServer.java:306) [spigot.jar:git-Spigot-3d850ec-19ed80c]
	at net.minecraft.server.v1_12_R1.DedicatedServer.init(DedicatedServer.java:205) [spigot.jar:git-Spigot-3d850ec-19ed80c]
	at net.minecraft.server.v1_12_R1.MinecraftServer.run(MinecraftServer.java:545) [spigot.jar:git-Spigot-3d850ec-19ed80c]
	at java.lang.Thread.run(Unknown Source) [?:?]
Caused by: org.yaml.snakeyaml.parser.ParserException: while parsing a block mapping
 in 'reader', line 7, column 4:
       start:
       ^
expected <block end>, but found BlockMappingStart
 in 'reader', line 11, column 5:
        initiate:
        ^

	at org.yaml.snakeyaml.parser.ParserImpl$ParseBlockMappingKey.produce(ParserImpl.java:571) ~[spigot.jar:git-Spigot-3d850ec-19ed80c]
	at org.yaml.snakeyaml.parser.ParserImpl.peekEvent(ParserImpl.java:157) ~[spigot.jar:git-Spigot-3d850ec-19ed80c]
	at org.yaml.snakeyaml.parser.ParserImpl.checkEvent(ParserImpl.java:147) ~[spigot.jar:git-Spigot-3d850ec-19ed80c]
	at org.yaml.snakeyaml.composer.Composer.composeMappingNode(Composer.java:227) ~[spigot.jar:git-Spigot-3d850ec-19ed80c]
	at org.yaml.snakeyaml.composer.Composer.composeNode(Composer.java:154) ~[spigot.jar:git-Spigot-3d850ec-19ed80c]
	at org.yaml.snakeyaml.composer.Composer.composeValueNode(Composer.java:249) ~[spigot.jar:git-Spigot-3d850ec-19ed80c]
	at org.yaml.snakeyaml.composer.Composer.composeMappingChildren(Composer.java:240) ~[spigot.jar:git-Spigot-3d850ec-19ed80c]
	at org.yaml.snakeyaml.composer.Composer.composeMappingNode(Composer.java:228) ~[spigot.jar:git-Spigot-3d850ec-19ed80c]
	at org.yaml.snakeyaml.composer.Composer.composeNode(Composer.java:154) ~[spigot.jar:git-Spigot-3d850ec-19ed80c]
	at org.yaml.snakeyaml.composer.Composer.composeDocument(Composer.java:122) ~[spigot.jar:git-Spigot-3d850ec-19ed80c]
	at org.yaml.snakeyaml.composer.Composer.getSingleNode(Composer.java:105) ~[spigot.jar:git-Spigot-3d850ec-19ed80c]
	at org.yaml.snakeyaml.constructor.BaseConstructor.getSingleData(BaseConstructor.java:140) ~[spigot.jar:git-Spigot-3d850ec-19ed80c]
	at org.yaml.snakeyaml.Yaml.loadFromReader(Yaml.java:524) ~[spigot.jar:git-Spigot-3d850ec-19ed80c]
	at org.yaml.snakeyaml.Yaml.load(Yaml.java:452) ~[spigot.jar:git-Spigot-3d850ec-19ed80c]
	at org.bukkit.plugin.PluginDescriptionFile.<init>(PluginDescriptionFile.java:226) ~[spigot.jar:git-Spigot-3d850ec-19ed80c]
	at org.bukkit.plugin.java.JavaPluginLoader.getPluginDescription(JavaPluginLoader.java:157) ~[spigot.jar:git-Spigot-3d850ec-19ed80c]
	... 5 more
[13:11:09] [Server thread/INFO]: Set PluginClassLoader as parallel capable
[13:11:10] [Server thread/INFO]: [WorldEdit] Loading WorldEdit v6.1.8-SNAPSHOT;cd4729f
[13:11:10] [Server thread/INFO]: **** Beginning UUID conversion, this may take A LONG time ****
[13:11:10] [Server thread/INFO]: Preparing level "world"
[13:11:10] [Server thread/INFO]: -------- World Settings For [world] --------
[13:11:10] [Server thread/INFO]: Entity Activation Range: An 32 / Mo 32 / Mi 16
[13:11:10] [Server thread/INFO]: Hopper Transfer: 8 Hopper Check: 1 Hopper Amount: 1
[13:11:10] [Server thread/INFO]: Mob Spawn Range: 4
[13:11:10] [Server thread/INFO]: Cactus Growth Modifier: 100%
[13:11:10] [Server thread/INFO]: Cane Growth Modifier: 100%
[13:11:10] [Server thread/INFO]: Melon Growth Modifier: 100%
[13:11:10] [Server thread/INFO]: Mushroom Growth Modifier: 100%
[13:11:10] [Server thread/INFO]: Pumpkin Growth Modifier: 100%
[13:11:10] [Server thread/INFO]: Sapling Growth Modifier: 100%
[13:11:10] [Server thread/INFO]: Wheat Growth Modifier: 100%
[13:11:10] [Server thread/INFO]: NetherWart Growth Modifier: 100%
[13:11:10] [Server thread/INFO]: Vine Growth Modifier: 100%
[13:11:10] [Server thread/INFO]: Cocoa Growth Modifier: 100%
[13:11:10] [Server thread/INFO]: Entity Tracking Range: Pl 48 / An 48 / Mo 48 / Mi 32 / Other 64
[13:11:10] [Server thread/INFO]: Random Lighting Updates: false
[13:11:10] [Server thread/INFO]: Structure Info Saving: true
[13:11:10] [Server thread/INFO]: Max TNT Explosions: 100
[13:11:10] [Server thread/INFO]: Custom Map Seeds:  Village: 10387312 Feature: 14357617 Monument: 10387313 Slime: 987234911
[13:11:10] [Server thread/INFO]: Tile Max Tick Time: 50ms Entity max Tick Time: 50ms
[13:11:10] [Server thread/INFO]: Zombie Aggressive Towards Villager: true
[13:11:10] [Server thread/INFO]: Allow Zombie Pigmen to spawn from portal blocks: true
[13:11:10] [Server thread/INFO]: Item Merge Radius: 2.5
[13:11:10] [Server thread/INFO]: Item Despawn Rate: 6000
[13:11:10] [Server thread/INFO]: Arrow Despawn Rate: 1200
[13:11:10] [Server thread/INFO]: View Distance: 10
[13:11:10] [Server thread/INFO]: Nerfing mobs spawned from spawners: false
[13:11:10] [Server thread/INFO]: Experience Merge Radius: 3.0
[13:11:11] [Server thread/INFO]: -------- World Settings For [world_nether] --------
[13:11:11] [Server thread/INFO]: Entity Activation Range: An 32 / Mo 32 / Mi 16
[13:11:11] [Server thread/INFO]: Hopper Transfer: 8 Hopper Check: 1 Hopper Amount: 1
[13:11:11] [Server thread/INFO]: Mob Spawn Range: 4
[13:11:11] [Server thread/INFO]: Cactus Growth Modifier: 100%
[13:11:11] [Server thread/INFO]: Cane Growth Modifier: 100%
[13:11:11] [Server thread/INFO]: Melon Growth Modifier: 100%
[13:11:11] [Server thread/INFO]: Mushroom Growth Modifier: 100%
[13:11:11] [Server thread/INFO]: Pumpkin Growth Modifier: 100%
[13:11:11] [Server thread/INFO]: Sapling Growth Modifier: 100%
[13:11:11] [Server thread/INFO]: Wheat Growth Modifier: 100%
[13:11:11] [Server thread/INFO]: NetherWart Growth Modifier: 100%
[13:11:11] [Server thread/INFO]: Vine Growth Modifier: 100%
[13:11:11] [Server thread/INFO]: Cocoa Growth Modifier: 100%
[13:11:11] [Server thread/INFO]: Entity Tracking Range: Pl 48 / An 48 / Mo 48 / Mi 32 / Other 64
[13:11:11] [Server thread/INFO]: Random Lighting Updates: false
[13:11:11] [Server thread/INFO]: Structure Info Saving: true
[13:11:11] [Server thread/INFO]: Max TNT Explosions: 100
[13:11:11] [Server thread/INFO]: Custom Map Seeds:  Village: 10387312 Feature: 14357617 Monument: 10387313 Slime: 987234911
[13:11:11] [Server thread/INFO]: Tile Max Tick Time: 50ms Entity max Tick Time: 50ms
[13:11:11] [Server thread/INFO]: Zombie Aggressive Towards Villager: true
[13:11:11] [Server thread/INFO]: Allow Zombie Pigmen to spawn from portal blocks: true
[13:11:11] [Server thread/INFO]: Item Merge Radius: 2.5
[13:11:11] [Server thread/INFO]: Item Despawn Rate: 6000
[13:11:11] [Server thread/INFO]: Arrow Despawn Rate: 1200
[13:11:11] [Server thread/INFO]: View Distance: 10
[13:11:11] [Server thread/INFO]: Nerfing mobs spawned from spawners: false
[13:11:11] [Server thread/INFO]: Experience Merge Radius: 3.0
[13:11:11] [Server thread/INFO]: -------- World Settings For [world_the_end] --------
[13:11:11] [Server thread/INFO]: Entity Activation Range: An 32 / Mo 32 / Mi 16
[13:11:11] [Server thread/INFO]: Hopper Transfer: 8 Hopper Check: 1 Hopper Amount: 1
[13:11:11] [Server thread/INFO]: Mob Spawn Range: 4
[13:11:11] [Server thread/INFO]: Cactus Growth Modifier: 100%
[13:11:11] [Server thread/INFO]: Cane Growth Modifier: 100%
[13:11:11] [Server thread/INFO]: Melon Growth Modifier: 100%
[13:11:11] [Server thread/INFO]: Mushroom Growth Modifier: 100%
[13:11:11] [Server thread/INFO]: Pumpkin Growth Modifier: 100%
[13:11:11] [Server thread/INFO]: Sapling Growth Modifier: 100%
[13:11:11] [Server thread/INFO]: Wheat Growth Modifier: 100%
[13:11:11] [Server thread/INFO]: NetherWart Growth Modifier: 100%
[13:11:11] [Server thread/INFO]: Vine Growth Modifier: 100%
[13:11:11] [Server thread/INFO]: Cocoa Growth Modifier: 100%
[13:11:11] [Server thread/INFO]: Entity Tracking Range: Pl 48 / An 48 / Mo 48 / Mi 32 / Other 64
[13:11:11] [Server thread/INFO]: Random Lighting Updates: false
[13:11:11] [Server thread/INFO]: Structure Info Saving: true
[13:11:11] [Server thread/INFO]: Max TNT Explosions: 100
[13:11:11] [Server thread/INFO]: Custom Map Seeds:  Village: 10387312 Feature: 14357617 Monument: 10387313 Slime: 987234911
[13:11:11] [Server thread/INFO]: Tile Max Tick Time: 50ms Entity max Tick Time: 50ms
[13:11:11] [Server thread/INFO]: Zombie Aggressive Towards Villager: true
[13:11:11] [Server thread/INFO]: Allow Zombie Pigmen to spawn from portal blocks: true
[13:11:11] [Server thread/INFO]: Item Merge Radius: 2.5
[13:11:11] [Server thread/INFO]: Item Despawn Rate: 6000
[13:11:11] [Server thread/INFO]: Arrow Despawn Rate: 1200
[13:11:11] [Server thread/INFO]: View Distance: 10
[13:11:11] [Server thread/INFO]: Nerfing mobs spawned from spawners: false
[13:11:11] [Server thread/INFO]: Experience Merge Radius: 3.0
[13:11:11] [Server thread/INFO]: Preparing start region for level 0 (Seed: 150721817011888403)
[13:11:12] [Server thread/INFO]: Preparing spawn area: 28%
[13:11:13] [Server thread/INFO]: Preparing spawn area: 99%
[13:11:13] [Server thread/INFO]: Preparing start region for level 1 (Seed: 8349201646854826768)
[13:11:14] [Server thread/INFO]: Preparing spawn area: 54%
[13:11:15] [Server thread/INFO]: Preparing start region for level 2 (Seed: 8349201646854826768)
[13:11:15] [Server thread/INFO]: [WorldEdit] Enabling WorldEdit v6.1.8-SNAPSHOT;cd4729f
[13:11:16] [Server thread/INFO]: WEPIF: Using the Bukkit Permissions API.
[13:11:16] [Server thread/INFO]: [WorldEdit] Using com.sk89q.worldedit.bukkit.adapter.impl.Spigot_v1_12_R2 as the Bukkit adapter
[13:11:16] [Server thread/WARN]: [WorldEdit] WorldEdit has detected you are using Java 7 (based on detected version 9.0.1).
[13:11:16] [Server thread/WARN]: [WorldEdit] WorldEdit will stop supporting Java less than version 8 in the future, due to Java 7 being EOL since April 2015. Please update your server to Java 8.
[13:11:16] [Server thread/INFO]: Server permissions file permissions.yml is empty, ignoring it
[13:11:16] [Server thread/INFO]: Done (6,831s)! For help, type "help" or "?"
[13:12:53] [Server thread/INFO]: Plugins (1): [0;32;1mWorldEdit[m
[13:12:54] [Server thread/INFO]: Plugins (1): [0;32;1mWorldEdit[m
[13:12:55] [Server thread/INFO]: Plugins (1): [0;32;1mWorldEdit[m
[13:12:55] [Server thread/INFO]: Plugins (1): [0;32;1mWorldEdit[m
[13:12:56] [Server thread/INFO]: Plugins (1): [0;32;1mWorldEdit[m
[13:12:56] [Server thread/INFO]: Plugins (1): [0;32;1mWorldEdit[m
