[13:23:45] [Server thread/INFO]: Starting minecraft server version 1.12.2
[13:23:45] [Server thread/INFO]: Loading properties
[13:23:45] [Server thread/INFO]: Default game type: ADVENTURE
[13:23:45] [Server thread/INFO]: This server is running CraftBukkit version git-Spigot-3d850ec-19ed80c (MC: 1.12.2) (Implementing API version 1.12.2-R0.1-SNAPSHOT)
[13:23:45] [Server thread/INFO]: Server Ping Player Sample Count: 12
[13:23:45] [Server thread/INFO]: Using 4 threads for Netty based IO
[13:23:45] [Server thread/INFO]: Debug logging is disabled
[13:23:45] [Server thread/INFO]: Generating keypair
[13:23:46] [Server thread/INFO]: Starting Minecraft server on *:25565
[13:23:46] [Server thread/INFO]: Using default channel type
[13:23:46] [Server thread/INFO]: Set PluginClassLoader as parallel capable
[13:23:47] [Server thread/INFO]: [WorldEdit] Loading WorldEdit v6.1.8-SNAPSHOT;cd4729f
[13:23:47] [Server thread/INFO]: [Battle-Royale] Loading Battle-Royale v0.1
[13:23:47] [Server thread/INFO]: **** Beginning UUID conversion, this may take A LONG time ****
[13:23:47] [Server thread/INFO]: Preparing level "world"
[13:23:47] [Server thread/INFO]: -------- World Settings For [world] --------
[13:23:47] [Server thread/INFO]: Allow Zombie Pigmen to spawn from portal blocks: true
[13:23:47] [Server thread/INFO]: Zombie Aggressive Towards Villager: true
[13:23:47] [Server thread/INFO]: View Distance: 10
[13:23:47] [Server thread/INFO]: Arrow Despawn Rate: 1200
[13:23:47] [Server thread/INFO]: Max TNT Explosions: 100
[13:23:47] [Server thread/INFO]: Tile Max Tick Time: 50ms Entity max Tick Time: 50ms
[13:23:47] [Server thread/INFO]: Cactus Growth Modifier: 100%
[13:23:47] [Server thread/INFO]: Cane Growth Modifier: 100%
[13:23:47] [Server thread/INFO]: Melon Growth Modifier: 100%
[13:23:47] [Server thread/INFO]: Mushroom Growth Modifier: 100%
[13:23:47] [Server thread/INFO]: Pumpkin Growth Modifier: 100%
[13:23:47] [Server thread/INFO]: Sapling Growth Modifier: 100%
[13:23:47] [Server thread/INFO]: Wheat Growth Modifier: 100%
[13:23:47] [Server thread/INFO]: NetherWart Growth Modifier: 100%
[13:23:47] [Server thread/INFO]: Vine Growth Modifier: 100%
[13:23:47] [Server thread/INFO]: Cocoa Growth Modifier: 100%
[13:23:47] [Server thread/INFO]: Hopper Transfer: 8 Hopper Check: 1 Hopper Amount: 1
[13:23:47] [Server thread/INFO]: Mob Spawn Range: 4
[13:23:47] [Server thread/INFO]: Random Lighting Updates: false
[13:23:47] [Server thread/INFO]: Custom Map Seeds:  Village: 10387312 Feature: 14357617 Monument: 10387313 Slime: 987234911
[13:23:47] [Server thread/INFO]: Entity Tracking Range: Pl 48 / An 48 / Mo 48 / Mi 32 / Other 64
[13:23:47] [Server thread/INFO]: Entity Activation Range: An 32 / Mo 32 / Mi 16
[13:23:47] [Server thread/INFO]: Structure Info Saving: true
[13:23:47] [Server thread/INFO]: Experience Merge Radius: 3.0
[13:23:47] [Server thread/INFO]: Nerfing mobs spawned from spawners: false
[13:23:47] [Server thread/INFO]: Item Merge Radius: 2.5
[13:23:47] [Server thread/INFO]: Item Despawn Rate: 6000
[13:23:48] [Server thread/INFO]: -------- World Settings For [world_nether] --------
[13:23:48] [Server thread/INFO]: Allow Zombie Pigmen to spawn from portal blocks: true
[13:23:48] [Server thread/INFO]: Zombie Aggressive Towards Villager: true
[13:23:48] [Server thread/INFO]: View Distance: 10
[13:23:48] [Server thread/INFO]: Arrow Despawn Rate: 1200
[13:23:48] [Server thread/INFO]: Max TNT Explosions: 100
[13:23:48] [Server thread/INFO]: Tile Max Tick Time: 50ms Entity max Tick Time: 50ms
[13:23:48] [Server thread/INFO]: Cactus Growth Modifier: 100%
[13:23:48] [Server thread/INFO]: Cane Growth Modifier: 100%
[13:23:48] [Server thread/INFO]: Melon Growth Modifier: 100%
[13:23:48] [Server thread/INFO]: Mushroom Growth Modifier: 100%
[13:23:48] [Server thread/INFO]: Pumpkin Growth Modifier: 100%
[13:23:48] [Server thread/INFO]: Sapling Growth Modifier: 100%
[13:23:48] [Server thread/INFO]: Wheat Growth Modifier: 100%
[13:23:48] [Server thread/INFO]: NetherWart Growth Modifier: 100%
[13:23:48] [Server thread/INFO]: Vine Growth Modifier: 100%
[13:23:48] [Server thread/INFO]: Cocoa Growth Modifier: 100%
[13:23:48] [Server thread/INFO]: Hopper Transfer: 8 Hopper Check: 1 Hopper Amount: 1
[13:23:48] [Server thread/INFO]: Mob Spawn Range: 4
[13:23:48] [Server thread/INFO]: Random Lighting Updates: false
[13:23:48] [Server thread/INFO]: Custom Map Seeds:  Village: 10387312 Feature: 14357617 Monument: 10387313 Slime: 987234911
[13:23:48] [Server thread/INFO]: Entity Tracking Range: Pl 48 / An 48 / Mo 48 / Mi 32 / Other 64
[13:23:48] [Server thread/INFO]: Entity Activation Range: An 32 / Mo 32 / Mi 16
[13:23:48] [Server thread/INFO]: Structure Info Saving: true
[13:23:48] [Server thread/INFO]: Experience Merge Radius: 3.0
[13:23:48] [Server thread/INFO]: Nerfing mobs spawned from spawners: false
[13:23:48] [Server thread/INFO]: Item Merge Radius: 2.5
[13:23:48] [Server thread/INFO]: Item Despawn Rate: 6000
[13:23:48] [User Authenticator #1/INFO]: UUID of player Yogsther is dbd04738-56d5-4d68-9611-9eabed8fe790
[13:23:48] [Server thread/INFO]: -------- World Settings For [world_the_end] --------
[13:23:48] [Server thread/INFO]: Allow Zombie Pigmen to spawn from portal blocks: true
[13:23:48] [Server thread/INFO]: Zombie Aggressive Towards Villager: true
[13:23:48] [Server thread/INFO]: View Distance: 10
[13:23:48] [Server thread/INFO]: Arrow Despawn Rate: 1200
[13:23:48] [Server thread/INFO]: Max TNT Explosions: 100
[13:23:48] [Server thread/INFO]: Tile Max Tick Time: 50ms Entity max Tick Time: 50ms
[13:23:48] [Server thread/INFO]: Cactus Growth Modifier: 100%
[13:23:48] [Server thread/INFO]: Cane Growth Modifier: 100%
[13:23:48] [Server thread/INFO]: Melon Growth Modifier: 100%
[13:23:48] [Server thread/INFO]: Mushroom Growth Modifier: 100%
[13:23:48] [Server thread/INFO]: Pumpkin Growth Modifier: 100%
[13:23:48] [Server thread/INFO]: Sapling Growth Modifier: 100%
[13:23:48] [Server thread/INFO]: Wheat Growth Modifier: 100%
[13:23:48] [Server thread/INFO]: NetherWart Growth Modifier: 100%
[13:23:48] [Server thread/INFO]: Vine Growth Modifier: 100%
[13:23:48] [Server thread/INFO]: Cocoa Growth Modifier: 100%
[13:23:48] [Server thread/INFO]: Hopper Transfer: 8 Hopper Check: 1 Hopper Amount: 1
[13:23:48] [Server thread/INFO]: Mob Spawn Range: 4
[13:23:48] [Server thread/INFO]: Random Lighting Updates: false
[13:23:48] [Server thread/INFO]: Custom Map Seeds:  Village: 10387312 Feature: 14357617 Monument: 10387313 Slime: 987234911
[13:23:48] [Server thread/INFO]: Entity Tracking Range: Pl 48 / An 48 / Mo 48 / Mi 32 / Other 64
[13:23:48] [Server thread/INFO]: Entity Activation Range: An 32 / Mo 32 / Mi 16
[13:23:48] [Server thread/INFO]: Structure Info Saving: true
[13:23:48] [Server thread/INFO]: Experience Merge Radius: 3.0
[13:23:48] [Server thread/INFO]: Nerfing mobs spawned from spawners: false
[13:23:48] [Server thread/INFO]: Item Merge Radius: 2.5
[13:23:48] [Server thread/INFO]: Item Despawn Rate: 6000
[13:23:48] [Server thread/INFO]: Preparing start region for level 0 (Seed: 150721817011888403)
[13:23:49] [Server thread/INFO]: Preparing spawn area: 60%
[13:23:49] [Server thread/INFO]: Preparing start region for level 1 (Seed: 8349201646854826768)
[13:23:50] [Server thread/INFO]: Preparing spawn area: 75%
[13:23:51] [Server thread/INFO]: Preparing start region for level 2 (Seed: 8349201646854826768)
[13:23:51] [Server thread/INFO]: [WorldEdit] Enabling WorldEdit v6.1.8-SNAPSHOT;cd4729f
[13:23:51] [Server thread/INFO]: WEPIF: Using the Bukkit Permissions API.
[13:23:52] [Server thread/INFO]: [WorldEdit] Using com.sk89q.worldedit.bukkit.adapter.impl.Spigot_v1_12_R2 as the Bukkit adapter
[13:23:52] [Server thread/WARN]: [WorldEdit] WorldEdit has detected you are using Java 7 (based on detected version 9.0.1).
[13:23:52] [Server thread/WARN]: [WorldEdit] WorldEdit will stop supporting Java less than version 8 in the future, due to Java 7 being EOL since April 2015. Please update your server to Java 8.
[13:23:52] [Server thread/INFO]: [Battle-Royale] Enabling Battle-Royale v0.1
[13:23:52] [Server thread/INFO]: Server permissions file permissions.yml is empty, ignoring it
[13:23:52] [Server thread/INFO]: Done (5,015s)! For help, type "help" or "?"
[13:23:52] [Server thread/INFO]: Yogsther[/127.0.0.1:58016] logged in with entity id 27 at ([world]714.1144725999919, 117.3681363483699, 201.92973220986622)
[13:24:10] [Server thread/INFO]: Yogsther issued server command: /difficulty peaceful
[13:24:10] [Server thread/INFO]: [Yogsther: Set game difficulty to Peaceful]
[13:26:26] [Server thread/INFO]: Yogsther issued server command: //set 5
[13:26:36] [Server thread/INFO]: Yogsther issued server command: //set 5
[13:26:47] [Server thread/INFO]: Yogsther issued server command: //set 5
[13:26:52] [Server thread/INFO]: Yogsther issued server command: //set 5
[13:26:59] [Server thread/INFO]: Yogsther issued server command: //set 5
[13:29:45] [Server thread/INFO]: Yogsther issued server command: /toggledownfall
[13:29:45] [Server thread/INFO]: [Yogsther: Toggled downfall]
[13:29:46] [Server thread/INFO]: Yogsther issued server command: /time set daty
[13:29:46] [Server thread/INFO]: [Yogsther: 'daty' is not a valid number]
[13:29:48] [Server thread/INFO]: Yogsther issued server command: /time set day
[13:29:48] [Server thread/INFO]: [Yogsther: Set the time to 1000]
[13:49:13] [Server thread/INFO]: Yogsther issued server command: /toggledownfall
[13:49:14] [Server thread/INFO]: [Yogsther: Toggled downfall]
[13:50:39] [Server thread/INFO]: Yogsther issued server command: //set 0
[13:50:52] [Server thread/INFO]: Yogsther issued server command: //set 2
[13:50:55] [Server thread/INFO]: Yogsther issued server command: //set 3
[13:50:59] [Server thread/INFO]: Yogsther issued server command: //set 2
[13:51:29] [Server thread/INFO]: Yogsther issued server command: //set 3
[13:51:34] [Server thread/INFO]: Yogsther issued server command: //set 2
[13:54:09] [Server thread/INFO]: Yogsther issued server command: //set 17
[13:54:18] [Server thread/INFO]: Yogsther issued server command: //set 17
[13:54:21] [Server thread/INFO]: Yogsther issued server command: //undo
[13:54:24] [Server thread/INFO]: Yogsther issued server command: //set 17
[13:54:33] [Server thread/INFO]: Yogsther issued server command: //set 17
[13:54:40] [Server thread/INFO]: Yogsther issued server command: //set 17
[13:54:43] [Server thread/INFO]: Yogsther lost connection: Disconnected
[13:54:44] [Server thread/INFO]: Yogsther left the game
[13:58:03] [User Authenticator #2/INFO]: UUID of player Yogsther is dbd04738-56d5-4d68-9611-9eabed8fe790
[13:58:03] [Server thread/INFO]: Yogsther[/127.0.0.1:59306] logged in with entity id 21299 at ([world]725.9870196931732, 115.27520274124853, 119.25480343995349)
[13:59:09] [Server thread/INFO]: Yogsther issued server command: //set 0
[13:59:14] [Server thread/INFO]: Yogsther issued server command: //set 0
[14:01:30] [Server thread/INFO]: Yogsther issued server command: //copy
[14:01:51] [Server thread/INFO]: Yogsther issued server command: //copy
[14:01:56] [Server thread/INFO]: Yogsther issued server command: //paste
[14:03:14] [Server thread/INFO]: Yogsther issued server command: //copy
[14:03:19] [Server thread/INFO]: Yogsther issued server command: //paste
[14:03:23] [Server thread/INFO]: Yogsther issued server command: //paste
[14:03:26] [Server thread/INFO]: Yogsther issued server command: //paste
[14:05:57] [Server thread/INFO]: Yogsther issued server command: /toggledownfall
[14:05:57] [Server thread/INFO]: [Yogsther: Toggled downfall]
[14:06:02] [Server thread/INFO]: Yogsther issued server command: /time set day
[14:06:02] [Server thread/INFO]: [Yogsther: Set the time to 1000]
[14:06:54] [Server thread/INFO]: Yogsther issued server command: //set 85
[14:07:08] [Server thread/INFO]: Yogsther issued server command: //set 85
[14:07:33] [Server thread/INFO]: Yogsther issued server command: //set 85
[14:08:26] [Server thread/INFO]: Yogsther issued server command: //set 85
[14:14:57] [Server thread/INFO]: Yogsther issued server command: //copy
[14:15:04] [Server thread/INFO]: Yogsther issued server command: //roate
[14:15:08] [Server thread/INFO]: Yogsther issued server command: //
[14:15:10] [Server thread/INFO]: Yogsther issued server command: //
[14:15:15] [Server thread/INFO]: Yogsther issued server command: //rotate
[14:15:22] [Server thread/INFO]: Yogsther issued server command: //rotate 180
[14:15:26] [Server thread/INFO]: Yogsther issued server command: //paste
[14:15:42] [Server thread/INFO]: Yogsther issued server command: //rotate 90
[14:15:44] [Server thread/INFO]: Yogsther issued server command: //paste
[14:15:48] [Server thread/INFO]: Yogsther issued server command: //undo
[14:15:53] [Server thread/INFO]: Yogsther issued server command: //roate 18+
[14:15:55] [Server thread/INFO]: Yogsther issued server command: //roate 180
[14:16:05] [Server thread/INFO]: Yogsther issued server command: //rotate 180
[14:16:09] [Server thread/INFO]: Yogsther issued server command: //paste
[14:16:18] [Server thread/INFO]: Yogsther issued server command: //undo
[14:16:22] [Server thread/INFO]: Yogsther issued server command: //paste
[14:16:40] [Server thread/INFO]: Yogsther issued server command: //copy
[14:16:54] [Server thread/INFO]: Yogsther issued server command: //roate 180
[14:16:59] [Server thread/INFO]: Yogsther issued server command: //rotate 180
[14:17:02] [Server thread/INFO]: Yogsther issued server command: //paste
[14:17:25] [Server thread/INFO]: Yogsther has reached the goal [Sky's the Limit]
[14:17:48] [Server thread/INFO]: Yogsther issued server command: /toggledownfall
[14:17:48] [Server thread/INFO]: [Yogsther: Toggled downfall]
[14:20:16] [Server thread/INFO]: Yogsther issued server command: //up
[14:20:18] [Server thread/INFO]: Yogsther issued server command: /up 1
[14:20:30] [Server thread/INFO]: Yogsther issued server command: /up 1
[14:20:32] [Server thread/INFO]: Yogsther issued server command: //set 1
[14:20:36] [Server thread/INFO]: Yogsther issued server command: //set 0
[14:20:38] [Server thread/INFO]: Yogsther issued server command: //set 2
[14:20:56] [Server thread/INFO]: Yogsther issued server command: //set 0
[14:21:06] [Server thread/INFO]: Yogsther issued server command: //set 0
[14:22:56] [Server thread/INFO]: Yogsther lost connection: Disconnected
[14:22:57] [Server thread/INFO]: Yogsther left the game
